mode: set
gytigyg.io/controllers/friend_controller.go:50.96,66.2 3 1
gytigyg.io/controllers/friend_controller.go:68.77,75.64 4 1
gytigyg.io/controllers/friend_controller.go:81.2,81.55 1 1
gytigyg.io/controllers/friend_controller.go:92.2,92.55 1 1
gytigyg.io/controllers/friend_controller.go:128.2,128.27 1 0
gytigyg.io/controllers/friend_controller.go:75.64,78.3 2 0
gytigyg.io/controllers/friend_controller.go:81.55,85.57 3 0
gytigyg.io/controllers/friend_controller.go:89.3,89.28 1 0
gytigyg.io/controllers/friend_controller.go:85.57,88.4 2 0
gytigyg.io/controllers/friend_controller.go:92.55,98.43 5 1
gytigyg.io/controllers/friend_controller.go:109.3,109.17 1 1
gytigyg.io/controllers/friend_controller.go:120.3,121.57 2 0
gytigyg.io/controllers/friend_controller.go:125.3,125.28 1 0
gytigyg.io/controllers/friend_controller.go:98.43,102.97 3 1
gytigyg.io/controllers/friend_controller.go:105.4,105.61 1 1
gytigyg.io/controllers/friend_controller.go:102.97,104.5 1 0
gytigyg.io/controllers/friend_controller.go:105.61,107.5 1 0
gytigyg.io/controllers/friend_controller.go:109.17,112.58 2 1
gytigyg.io/controllers/friend_controller.go:116.4,116.29 1 1
gytigyg.io/controllers/friend_controller.go:112.58,115.5 2 0
gytigyg.io/controllers/friend_controller.go:121.57,124.4 2 0
gytigyg.io/controllers/friend_controller.go:131.69,136.2 1 0
